<?xml version="1.0" encoding="utf-8"?>
<TestRun id="ee8fb950-2b69-445f-9d89-d2a640473742" name="@IN-IT17423 2026-02-26 19:55:39" xmlns="http://microsoft.com/schemas/VisualStudio/TeamTest/2010">
  <Times creation="2026-02-26T19:55:39.6126080+05:30" queuing="2026-02-26T19:55:39.6126080+05:30" start="2026-02-26T19:55:39.0143750+05:30" finish="2026-02-26T19:55:39.6145800+05:30" />
  <TestSettings name="default" id="f8c0d679-3324-474c-97ba-f6c2a3e9e504">
    <Deployment runDeploymentRoot="_IN-IT17423_2026-02-26_19_55_39" />
  </TestSettings>
  <Results>
    <UnitTestResult executionId="28a581be-ce6a-4110-a3e7-e86d48be8d13" testId="36c337b4-9436-ff7d-c5cf-796811f8cebf" testName="DotNetDemoApp.Tests.UnitTest1.Test1" computerName="IN-IT17423" duration="00:00:00.0010811" startTime="2026-02-26T19:55:39.5080560+05:30" endTime="2026-02-26T19:55:39.5113980+05:30" testType="13cdc9d9-ddb5-4fa4-a97d-d965ccfc6d4b" outcome="Passed" testListId="8c84fa94-04c1-424b-9868-57a2d4851a1d" relativeResultsDirectory="28a581be-ce6a-4110-a3e7-e86d48be8d13" />
  </Results>
  <TestDefinitions>
    <UnitTest name="DotNetDemoApp.Tests.UnitTest1.Test1" storage="/users/awinash.dosalwar/downloads/dojo-assignments/src/dotnetdemoapp.tests/bin/debug/net10.0/dotnetdemoapp.tests.dll" id="36c337b4-9436-ff7d-c5cf-796811f8cebf">
      <Execution id="28a581be-ce6a-4110-a3e7-e86d48be8d13" />
      <TestMethod codeBase="/Users/awinash.dosalwar/Downloads/dojo-assignments/src/DotNetDemoApp.Tests/bin/Debug/net10.0/DotNetDemoApp.Tests.dll" adapterTypeName="executor://xunit/VsTestRunner3/netcore/" className="DotNetDemoApp.Tests.UnitTest1" name="Test1" />
    </UnitTest>
  </TestDefinitions>
  <TestEntries>
    <TestEntry testId="36c337b4-9436-ff7d-c5cf-796811f8cebf" executionId="28a581be-ce6a-4110-a3e7-e86d48be8d13" testListId="8c84fa94-04c1-424b-9868-57a2d4851a1d" />
  </TestEntries>
  <TestLists>
    <TestList name="Results Not in a List" id="8c84fa94-04c1-424b-9868-57a2d4851a1d" />
    <TestList name="All Loaded Results" id="19431567-8539-422a-85d7-44ee4e166bda" />
  </TestLists>
  <ResultSummary outcome="Completed">
    <Counters total="1" executed="1" passed="1" failed="0" error="0" timeout="0" aborted="0" inconclusive="0" passedButRunAborted="0" notRunnable="0" notExecuted="0" disconnected="0" warning="0" completed="0" inProgress="0" pending="0" />
    <Output>
      <StdOut>[xUnit.net 00:00:00.00] xUnit.net VSTest Adapter v3.1.4+50e68bbb8b (64-bit .NET 10.0.3)
[xUnit.net 00:00:00.06]   Discovering: DotNetDemoApp.Tests
[xUnit.net 00:00:00.07]   Discovered:  DotNetDemoApp.Tests
[xUnit.net 00:00:00.08]   Starting:    DotNetDemoApp.Tests
[xUnit.net 00:00:00.10]   Finished:    DotNetDemoApp.Tests
</StdOut>
    </Output>
  </ResultSummary>
</TestRun>